<?xml version="1.0" encoding="UTF-8"?>
<testsuite xmlns:xsi="http://www.w3.org/2001/XMLSchema-instance" xsi:noNamespaceSchemaLocation="https://maven.apache.org/surefire/maven-surefire-plugin/xsd/surefire-test-report.xsd" name="tests.ProfileTests" time="20.079" tests="4" errors="0" skipped="0" failures="0">
  <properties>
[...]
</properties>
  <testcase name="profileLogoutTest" classname="tests.ProfileTests" time="5.583"/>
  <testcase name="profilePageToConstructorPageByLogoButtonTest" classname="tests.ProfileTests" time="4.658"/>
  <testcase name="profilePageToConstructorPageByConstructorButtonTest" classname="tests.ProfileTests" time="4.764"/>
  <testcase name="profilePageOpenTest" classname="tests.ProfileTests" time="5.07"/>
</testsuite>