-------------------------------------------------------------------------------
Test set: tests.RegistrationPasswordTests
-------------------------------------------------------------------------------
Tests run: 9, Failures: 1, Errors: 0, Skipped: 0, Time elapsed: 27.489 s <<< FAILURE! - in tests.RegistrationPasswordTests
registrationPasswordTest[[0]: check error test for password:   ](tests.RegistrationPasswordTests)  Time elapsed: 3.127 s  <<< FAILURE!
java.lang.AssertionError: expected:<true> but was:<false>
	at tests.RegistrationPasswordTests.registrationPasswordTest(RegistrationPasswordTests.java:47)

